// 重构日志: bc4c0f0a
// 重构日志: 86f2d62c
// 重构日志: 09bf5349
// 同步 ID: 4b623848 @ Sun Jul  5 17:06:02 UTC 2026
// 同步 ID: 3c6328d5 @ Mon Jul  6 12:29:58 UTC 2026
// 重构日志: fc5f2069
// 重构日志: 22e68391
// 重构日志: bbcd1b81
// 同步 ID: 9e64221c @ Wed Jul  8 21:18:41 UTC 2026
// 重构日志: e6ee0b94
// 同步 ID: a610f9e0 @ Fri Jul 10 11:00:48 UTC 2026
// 重构日志: e4cb929f
// 重构日志: acb99db2
// 重构日志: fabbc729
// 重构日志: 0b791621
// 重构日志: de87f1a5
// 重构日志: ecd36558
// 重构日志: 72661de1
// 重构日志: e473d2d6
// 重构日志: 7fbbd65a
// 同步 ID: db713599 @ Thu Jul 16 16:30:13 UTC 2026
// 重构日志: 05f3e056
// 重构日志: 4b139be0
// 重构日志: 6574cc55
